{"/Users/pascalwilbrink/Downloads/web-components-example-lit-mwc-f1efzm/src/lib/index.ts": {"path":"/Users/pascalwilbrink/Downloads/web-components-example-lit-mwc-f1efzm/src/lib/index.ts","statementMap":{"0":{"start":{"line":1,"column":0},"end":{"line":1,"column":27}},"1":{"start":{"line":2,"column":0},"end":{"line":2,"column":35}},"2":{"start":{"line":3,"column":0},"end":{"line":3,"column":31}},"3":{"start":{"line":4,"column":0},"end":{"line":4,"column":33}}},"fnMap":{},"branchMap":{},"s":{"0":13,"1":13,"2":13,"3":13},"f":{},"b":{}}
,"/Users/pascalwilbrink/Downloads/web-components-example-lit-mwc-f1efzm/src/lib/validate.ts": {"path":"/Users/pascalwilbrink/Downloads/web-components-example-lit-mwc-f1efzm/src/lib/validate.ts","statementMap":{"0":{"start":{"line":9,"column":24},"end":{"line":22,"column":1}},"1":{"start":{"line":13,"column":27},"end":{"line":16,"column":19}},"2":{"start":{"line":14,"column":19},"end":{"line":14,"column":38}},"3":{"start":{"line":15,"column":19},"end":{"line":15,"column":20}},"4":{"start":{"line":16,"column":16},"end":{"line":16,"column":18}},"5":{"start":{"line":18,"column":2},"end":{"line":21,"column":4}},"6":{"start":{"line":9,"column":13},"end":{"line":9,"column":24}}},"fnMap":{"0":{"name":"(anonymous_0)","decl":{"start":{"line":9,"column":24},"end":{"line":9,"column":null}},"loc":{"start":{"line":12,"column":22},"end":{"line":22,"column":1}}},"1":{"name":"(anonymous_1)","decl":{"start":{"line":14,"column":9},"end":{"line":14,"column":10}},"loc":{"start":{"line":14,"column":19},"end":{"line":14,"column":38}}},"2":{"name":"(anonymous_2)","decl":{"start":{"line":15,"column":12},"end":{"line":15,"column":13}},"loc":{"start":{"line":15,"column":19},"end":{"line":15,"column":20}}},"3":{"name":"(anonymous_3)","decl":{"start":{"line":16,"column":9},"end":{"line":16,"column":10}},"loc":{"start":{"line":16,"column":16},"end":{"line":16,"column":18}}}},"branchMap":{},"s":{"0":13,"1":3,"2":2,"3":2,"4":1,"5":3,"6":13},"f":{"0":3,"1":2,"2":2,"3":1},"b":{}}
,"/Users/pascalwilbrink/Downloads/web-components-example-lit-mwc-f1efzm/src/lib/validation-rules/contains.ts": {"path":"/Users/pascalwilbrink/Downloads/web-components-example-lit-mwc-f1efzm/src/lib/validation-rules/contains.ts","statementMap":{"0":{"start":{"line":3,"column":0},"end":{"line":3,"column":54}},"1":{"start":{"line":14,"column":2},"end":{"line":23,"column":3}},"2":{"start":{"line":15,"column":2},"end":{"line":23,"column":3}},"3":{"start":{"line":16,"column":26},"end":{"line":16,"column":44}},"4":{"start":{"line":18,"column":4},"end":{"line":20,"column":null}},"5":{"start":{"line":19,"column":6},"end":{"line":19,"column":18}},"6":{"start":{"line":22,"column":4},"end":{"line":22,"column":56}},"7":{"start":{"line":13,"column":13},"end":{"line":13,"column":null}}},"fnMap":{"0":{"name":"(anonymous_0)","decl":{"start":{"line":14,"column":2},"end":{"line":14,"column":3}},"loc":{"start":{"line":15,"column":2},"end":{"line":23,"column":3}}},"1":{"name":"(anonymous_1)","decl":{"start":{"line":15,"column":2},"end":{"line":15,"column":3}},"loc":{"start":{"line":15,"column":54},"end":{"line":23,"column":3}}}},"branchMap":{"0":{"loc":{"start":{"line":18,"column":4},"end":{"line":20,"column":null}},"type":"if","locations":[{"start":{"line":18,"column":4},"end":{"line":20,"column":null}}]},"1":{"loc":{"start":{"line":22,"column":11},"end":{"line":22,"column":55}},"type":"cond-expr","locations":[{"start":{"line":22,"column":38},"end":{"line":22,"column":42}},{"start":{"line":22,"column":45},"end":{"line":22,"column":55}}]}},"s":{"0":13,"1":13,"2":6,"3":6,"4":6,"5":2,"6":4,"7":13},"f":{"0":6,"1":6},"b":{"0":[2],"1":[2,2]}}
,"/Users/pascalwilbrink/Downloads/web-components-example-lit-mwc-f1efzm/src/lib/validation-rules/email.ts": {"path":"/Users/pascalwilbrink/Downloads/web-components-example-lit-mwc-f1efzm/src/lib/validation-rules/email.ts","statementMap":{"0":{"start":{"line":3,"column":0},"end":{"line":3,"column":54}},"1":{"start":{"line":6,"column":2},"end":{"line":6,"column":198}},"2":{"start":{"line":16,"column":2},"end":{"line":25,"column":3}},"3":{"start":{"line":17,"column":2},"end":{"line":25,"column":3}},"4":{"start":{"line":18,"column":26},"end":{"line":18,"column":44}},"5":{"start":{"line":20,"column":4},"end":{"line":22,"column":null}},"6":{"start":{"line":21,"column":6},"end":{"line":21,"column":18}},"7":{"start":{"line":24,"column":4},"end":{"line":24,"column":53}},"8":{"start":{"line":15,"column":13},"end":{"line":15,"column":null}}},"fnMap":{"0":{"name":"(anonymous_0)","decl":{"start":{"line":16,"column":2},"end":{"line":16,"column":18}},"loc":{"start":{"line":17,"column":2},"end":{"line":25,"column":3}}},"1":{"name":"(anonymous_1)","decl":{"start":{"line":17,"column":2},"end":{"line":17,"column":3}},"loc":{"start":{"line":17,"column":54},"end":{"line":25,"column":3}}}},"branchMap":{"0":{"loc":{"start":{"line":20,"column":4},"end":{"line":22,"column":null}},"type":"if","locations":[{"start":{"line":20,"column":4},"end":{"line":22,"column":null}}]},"1":{"loc":{"start":{"line":24,"column":11},"end":{"line":24,"column":52}},"type":"cond-expr","locations":[{"start":{"line":24,"column":38},"end":{"line":24,"column":42}},{"start":{"line":24,"column":45},"end":{"line":24,"column":52}}]}},"s":{"0":13,"1":13,"2":13,"3":6,"4":6,"5":6,"6":2,"7":4,"8":13},"f":{"0":6,"1":6},"b":{"0":[2],"1":[2,2]}}
,"/Users/pascalwilbrink/Downloads/web-components-example-lit-mwc-f1efzm/src/lib/validation-rules/ends-with.ts": {"path":"/Users/pascalwilbrink/Downloads/web-components-example-lit-mwc-f1efzm/src/lib/validation-rules/ends-with.ts","statementMap":{"0":{"start":{"line":3,"column":0},"end":{"line":3,"column":54}},"1":{"start":{"line":14,"column":2},"end":{"line":23,"column":3}},"2":{"start":{"line":15,"column":2},"end":{"line":23,"column":3}},"3":{"start":{"line":16,"column":26},"end":{"line":16,"column":44}},"4":{"start":{"line":18,"column":4},"end":{"line":20,"column":null}},"5":{"start":{"line":19,"column":6},"end":{"line":19,"column":18}},"6":{"start":{"line":22,"column":4},"end":{"line":22,"column":57}},"7":{"start":{"line":13,"column":13},"end":{"line":13,"column":null}}},"fnMap":{"0":{"name":"(anonymous_0)","decl":{"start":{"line":14,"column":2},"end":{"line":14,"column":3}},"loc":{"start":{"line":15,"column":2},"end":{"line":23,"column":3}}},"1":{"name":"(anonymous_1)","decl":{"start":{"line":15,"column":2},"end":{"line":15,"column":3}},"loc":{"start":{"line":15,"column":54},"end":{"line":23,"column":3}}}},"branchMap":{"0":{"loc":{"start":{"line":18,"column":4},"end":{"line":20,"column":null}},"type":"if","locations":[{"start":{"line":18,"column":4},"end":{"line":20,"column":null}}]},"1":{"loc":{"start":{"line":22,"column":11},"end":{"line":22,"column":56}},"type":"cond-expr","locations":[{"start":{"line":22,"column":38},"end":{"line":22,"column":42}},{"start":{"line":22,"column":45},"end":{"line":22,"column":56}}]}},"s":{"0":13,"1":13,"2":6,"3":6,"4":6,"5":2,"6":4,"7":13},"f":{"0":6,"1":6},"b":{"0":[2],"1":[2,2]}}
,"/Users/pascalwilbrink/Downloads/web-components-example-lit-mwc-f1efzm/src/lib/validation-rules/forbidden.ts": {"path":"/Users/pascalwilbrink/Downloads/web-components-example-lit-mwc-f1efzm/src/lib/validation-rules/forbidden.ts","statementMap":{"0":{"start":{"line":3,"column":0},"end":{"line":3,"column":54}},"1":{"start":{"line":14,"column":2},"end":{"line":23,"column":3}},"2":{"start":{"line":15,"column":2},"end":{"line":23,"column":3}},"3":{"start":{"line":16,"column":26},"end":{"line":16,"column":44}},"4":{"start":{"line":18,"column":4},"end":{"line":20,"column":null}},"5":{"start":{"line":19,"column":6},"end":{"line":19,"column":18}},"6":{"start":{"line":22,"column":4},"end":{"line":22,"column":58}},"7":{"start":{"line":13,"column":13},"end":{"line":13,"column":null}}},"fnMap":{"0":{"name":"(anonymous_0)","decl":{"start":{"line":14,"column":2},"end":{"line":14,"column":3}},"loc":{"start":{"line":15,"column":2},"end":{"line":23,"column":3}}},"1":{"name":"(anonymous_1)","decl":{"start":{"line":15,"column":2},"end":{"line":15,"column":3}},"loc":{"start":{"line":15,"column":54},"end":{"line":23,"column":3}}}},"branchMap":{"0":{"loc":{"start":{"line":18,"column":4},"end":{"line":20,"column":null}},"type":"if","locations":[{"start":{"line":18,"column":4},"end":{"line":20,"column":null}}]},"1":{"loc":{"start":{"line":18,"column":8},"end":{"line":18,"column":60}},"type":"binary-expr","locations":[{"start":{"line":18,"column":8},"end":{"line":18,"column":32}},{"start":{"line":18,"column":36},"end":{"line":18,"column":60}}]},"2":{"loc":{"start":{"line":22,"column":11},"end":{"line":22,"column":57}},"type":"cond-expr","locations":[{"start":{"line":22,"column":39},"end":{"line":22,"column":50}},{"start":{"line":22,"column":53},"end":{"line":22,"column":57}}]}},"s":{"0":13,"1":13,"2":8,"3":8,"4":8,"5":4,"6":4,"7":13},"f":{"0":8,"1":8},"b":{"0":[4],"1":[8,6],"2":[2,2]}}
,"/Users/pascalwilbrink/Downloads/web-components-example-lit-mwc-f1efzm/src/lib/validation-rules/index.ts": {"path":"/Users/pascalwilbrink/Downloads/web-components-example-lit-mwc-f1efzm/src/lib/validation-rules/index.ts","statementMap":{"0":{"start":{"line":1,"column":0},"end":{"line":1,"column":27}},"1":{"start":{"line":2,"column":0},"end":{"line":2,"column":24}},"2":{"start":{"line":3,"column":0},"end":{"line":3,"column":28}},"3":{"start":{"line":4,"column":0},"end":{"line":4,"column":28}},"4":{"start":{"line":5,"column":0},"end":{"line":5,"column":24}},"5":{"start":{"line":6,"column":0},"end":{"line":6,"column":29}},"6":{"start":{"line":7,"column":0},"end":{"line":7,"column":22}},"7":{"start":{"line":8,"column":0},"end":{"line":8,"column":29}},"8":{"start":{"line":9,"column":0},"end":{"line":9,"column":22}},"9":{"start":{"line":10,"column":0},"end":{"line":10,"column":24}},"10":{"start":{"line":11,"column":0},"end":{"line":11,"column":27}},"11":{"start":{"line":12,"column":0},"end":{"line":12,"column":30}}},"fnMap":{},"branchMap":{},"s":{"0":13,"1":13,"2":13,"3":13,"4":13,"5":13,"6":13,"7":13,"8":13,"9":13,"10":13,"11":13},"f":{},"b":{}}
,"/Users/pascalwilbrink/Downloads/web-components-example-lit-mwc-f1efzm/src/lib/validation-rules/match.ts": {"path":"/Users/pascalwilbrink/Downloads/web-components-example-lit-mwc-f1efzm/src/lib/validation-rules/match.ts","statementMap":{"0":{"start":{"line":3,"column":0},"end":{"line":3,"column":54}},"1":{"start":{"line":14,"column":2},"end":{"line":24,"column":3}},"2":{"start":{"line":15,"column":2},"end":{"line":24,"column":3}},"3":{"start":{"line":16,"column":26},"end":{"line":16,"column":44}},"4":{"start":{"line":17,"column":31},"end":{"line":17,"column":46}},"5":{"start":{"line":19,"column":4},"end":{"line":21,"column":null}},"6":{"start":{"line":20,"column":6},"end":{"line":20,"column":18}},"7":{"start":{"line":23,"column":4},"end":{"line":23,"column":49}},"8":{"start":{"line":13,"column":13},"end":{"line":13,"column":null}}},"fnMap":{"0":{"name":"(anonymous_0)","decl":{"start":{"line":14,"column":2},"end":{"line":14,"column":3}},"loc":{"start":{"line":15,"column":2},"end":{"line":24,"column":3}}},"1":{"name":"(anonymous_1)","decl":{"start":{"line":15,"column":2},"end":{"line":15,"column":3}},"loc":{"start":{"line":15,"column":54},"end":{"line":24,"column":3}}}},"branchMap":{"0":{"loc":{"start":{"line":19,"column":4},"end":{"line":21,"column":null}},"type":"if","locations":[{"start":{"line":19,"column":4},"end":{"line":21,"column":null}}]},"1":{"loc":{"start":{"line":23,"column":11},"end":{"line":23,"column":48}},"type":"cond-expr","locations":[{"start":{"line":23,"column":34},"end":{"line":23,"column":38}},{"start":{"line":23,"column":41},"end":{"line":23,"column":48}}]}},"s":{"0":13,"1":13,"2":10,"3":10,"4":10,"5":10,"6":2,"7":8,"8":13},"f":{"0":10,"1":10},"b":{"0":[2],"1":[4,4]}}
,"/Users/pascalwilbrink/Downloads/web-components-example-lit-mwc-f1efzm/src/lib/validation-rules/max-length.ts": {"path":"/Users/pascalwilbrink/Downloads/web-components-example-lit-mwc-f1efzm/src/lib/validation-rules/max-length.ts","statementMap":{"0":{"start":{"line":3,"column":0},"end":{"line":3,"column":54}},"1":{"start":{"line":14,"column":2},"end":{"line":22,"column":3}},"2":{"start":{"line":15,"column":2},"end":{"line":22,"column":3}},"3":{"start":{"line":16,"column":26},"end":{"line":16,"column":44}},"4":{"start":{"line":17,"column":4},"end":{"line":19,"column":null}},"5":{"start":{"line":18,"column":6},"end":{"line":18,"column":18}},"6":{"start":{"line":21,"column":4},"end":{"line":21,"column":55}},"7":{"start":{"line":13,"column":13},"end":{"line":13,"column":null}}},"fnMap":{"0":{"name":"(anonymous_0)","decl":{"start":{"line":14,"column":2},"end":{"line":14,"column":3}},"loc":{"start":{"line":15,"column":2},"end":{"line":22,"column":3}}},"1":{"name":"(anonymous_1)","decl":{"start":{"line":15,"column":2},"end":{"line":15,"column":3}},"loc":{"start":{"line":15,"column":54},"end":{"line":22,"column":3}}}},"branchMap":{"0":{"loc":{"start":{"line":17,"column":4},"end":{"line":19,"column":null}},"type":"if","locations":[{"start":{"line":17,"column":4},"end":{"line":19,"column":null}}]},"1":{"loc":{"start":{"line":21,"column":11},"end":{"line":21,"column":54}},"type":"cond-expr","locations":[{"start":{"line":21,"column":35},"end":{"line":21,"column":39}},{"start":{"line":21,"column":42},"end":{"line":21,"column":54}}]}},"s":{"0":13,"1":13,"2":6,"3":6,"4":6,"5":2,"6":4,"7":13},"f":{"0":6,"1":6},"b":{"0":[2],"1":[2,2]}}
,"/Users/pascalwilbrink/Downloads/web-components-example-lit-mwc-f1efzm/src/lib/validation-rules/max.ts": {"path":"/Users/pascalwilbrink/Downloads/web-components-example-lit-mwc-f1efzm/src/lib/validation-rules/max.ts","statementMap":{"0":{"start":{"line":3,"column":0},"end":{"line":3,"column":54}},"1":{"start":{"line":14,"column":2},"end":{"line":25,"column":3}},"2":{"start":{"line":15,"column":2},"end":{"line":25,"column":3}},"3":{"start":{"line":16,"column":26},"end":{"line":16,"column":44}},"4":{"start":{"line":18,"column":4},"end":{"line":20,"column":null}},"5":{"start":{"line":19,"column":6},"end":{"line":19,"column":18}},"6":{"start":{"line":22,"column":25},"end":{"line":22,"column":42}},"7":{"start":{"line":24,"column":4},"end":{"line":24,"column":69}},"8":{"start":{"line":13,"column":13},"end":{"line":13,"column":null}}},"fnMap":{"0":{"name":"(anonymous_0)","decl":{"start":{"line":14,"column":2},"end":{"line":14,"column":3}},"loc":{"start":{"line":15,"column":2},"end":{"line":25,"column":3}}},"1":{"name":"(anonymous_1)","decl":{"start":{"line":15,"column":2},"end":{"line":15,"column":3}},"loc":{"start":{"line":15,"column":54},"end":{"line":25,"column":3}}}},"branchMap":{"0":{"loc":{"start":{"line":18,"column":4},"end":{"line":20,"column":null}},"type":"if","locations":[{"start":{"line":18,"column":4},"end":{"line":20,"column":null}}]},"1":{"loc":{"start":{"line":18,"column":8},"end":{"line":18,"column":58}},"type":"binary-expr","locations":[{"start":{"line":18,"column":8},"end":{"line":18,"column":30}},{"start":{"line":18,"column":34},"end":{"line":18,"column":58}}]},"2":{"loc":{"start":{"line":24,"column":11},"end":{"line":24,"column":68}},"type":"cond-expr","locations":[{"start":{"line":24,"column":56},"end":{"line":24,"column":61}},{"start":{"line":24,"column":64},"end":{"line":24,"column":68}}]},"3":{"loc":{"start":{"line":24,"column":11},"end":{"line":24,"column":53}},"type":"binary-expr","locations":[{"start":{"line":24,"column":11},"end":{"line":24,"column":31}},{"start":{"line":24,"column":35},"end":{"line":24,"column":53}}]}},"s":{"0":13,"1":13,"2":7,"3":7,"4":7,"5":2,"6":5,"7":5,"8":13},"f":{"0":7,"1":7},"b":{"0":[2],"1":[7,7],"2":[2,3],"3":[5,4]}}
,"/Users/pascalwilbrink/Downloads/web-components-example-lit-mwc-f1efzm/src/lib/validation-rules/min-length.ts": {"path":"/Users/pascalwilbrink/Downloads/web-components-example-lit-mwc-f1efzm/src/lib/validation-rules/min-length.ts","statementMap":{"0":{"start":{"line":3,"column":0},"end":{"line":3,"column":54}},"1":{"start":{"line":14,"column":2},"end":{"line":23,"column":3}},"2":{"start":{"line":15,"column":2},"end":{"line":23,"column":3}},"3":{"start":{"line":16,"column":26},"end":{"line":16,"column":44}},"4":{"start":{"line":18,"column":4},"end":{"line":20,"column":null}},"5":{"start":{"line":19,"column":6},"end":{"line":19,"column":18}},"6":{"start":{"line":22,"column":4},"end":{"line":22,"column":56}},"7":{"start":{"line":13,"column":13},"end":{"line":13,"column":null}}},"fnMap":{"0":{"name":"(anonymous_0)","decl":{"start":{"line":14,"column":2},"end":{"line":14,"column":3}},"loc":{"start":{"line":15,"column":2},"end":{"line":23,"column":3}}},"1":{"name":"(anonymous_1)","decl":{"start":{"line":15,"column":2},"end":{"line":15,"column":3}},"loc":{"start":{"line":15,"column":54},"end":{"line":23,"column":3}}}},"branchMap":{"0":{"loc":{"start":{"line":18,"column":4},"end":{"line":20,"column":null}},"type":"if","locations":[{"start":{"line":18,"column":4},"end":{"line":20,"column":null}}]},"1":{"loc":{"start":{"line":18,"column":8},"end":{"line":18,"column":61}},"type":"binary-expr","locations":[{"start":{"line":18,"column":8},"end":{"line":18,"column":33}},{"start":{"line":18,"column":37},"end":{"line":18,"column":61}}]},"2":{"loc":{"start":{"line":22,"column":11},"end":{"line":22,"column":55}},"type":"cond-expr","locations":[{"start":{"line":22,"column":36},"end":{"line":22,"column":40}},{"start":{"line":22,"column":43},"end":{"line":22,"column":55}}]}},"s":{"0":13,"1":13,"2":7,"3":7,"4":7,"5":2,"6":5,"7":13},"f":{"0":7,"1":7},"b":{"0":[2],"1":[7,7],"2":[2,3]}}
,"/Users/pascalwilbrink/Downloads/web-components-example-lit-mwc-f1efzm/src/lib/validation-rules/min.ts": {"path":"/Users/pascalwilbrink/Downloads/web-components-example-lit-mwc-f1efzm/src/lib/validation-rules/min.ts","statementMap":{"0":{"start":{"line":3,"column":0},"end":{"line":3,"column":54}},"1":{"start":{"line":14,"column":2},"end":{"line":25,"column":3}},"2":{"start":{"line":15,"column":2},"end":{"line":25,"column":3}},"3":{"start":{"line":16,"column":26},"end":{"line":16,"column":44}},"4":{"start":{"line":18,"column":4},"end":{"line":20,"column":null}},"5":{"start":{"line":19,"column":6},"end":{"line":19,"column":18}},"6":{"start":{"line":22,"column":25},"end":{"line":22,"column":42}},"7":{"start":{"line":24,"column":4},"end":{"line":24,"column":69}},"8":{"start":{"line":13,"column":13},"end":{"line":13,"column":null}}},"fnMap":{"0":{"name":"(anonymous_0)","decl":{"start":{"line":14,"column":2},"end":{"line":14,"column":3}},"loc":{"start":{"line":15,"column":2},"end":{"line":25,"column":3}}},"1":{"name":"(anonymous_1)","decl":{"start":{"line":15,"column":2},"end":{"line":15,"column":3}},"loc":{"start":{"line":15,"column":54},"end":{"line":25,"column":3}}}},"branchMap":{"0":{"loc":{"start":{"line":18,"column":4},"end":{"line":20,"column":null}},"type":"if","locations":[{"start":{"line":18,"column":4},"end":{"line":20,"column":null}}]},"1":{"loc":{"start":{"line":18,"column":8},"end":{"line":18,"column":58}},"type":"binary-expr","locations":[{"start":{"line":18,"column":8},"end":{"line":18,"column":30}},{"start":{"line":18,"column":34},"end":{"line":18,"column":58}}]},"2":{"loc":{"start":{"line":24,"column":11},"end":{"line":24,"column":68}},"type":"cond-expr","locations":[{"start":{"line":24,"column":56},"end":{"line":24,"column":61}},{"start":{"line":24,"column":64},"end":{"line":24,"column":68}}]},"3":{"loc":{"start":{"line":24,"column":11},"end":{"line":24,"column":53}},"type":"binary-expr","locations":[{"start":{"line":24,"column":11},"end":{"line":24,"column":31}},{"start":{"line":24,"column":35},"end":{"line":24,"column":53}}]}},"s":{"0":13,"1":13,"2":7,"3":7,"4":7,"5":2,"6":5,"7":5,"8":13},"f":{"0":7,"1":7},"b":{"0":[2],"1":[7,7],"2":[2,3],"3":[5,4]}}
,"/Users/pascalwilbrink/Downloads/web-components-example-lit-mwc-f1efzm/src/lib/validation-rules/regex.ts": {"path":"/Users/pascalwilbrink/Downloads/web-components-example-lit-mwc-f1efzm/src/lib/validation-rules/regex.ts","statementMap":{"0":{"start":{"line":3,"column":0},"end":{"line":3,"column":54}},"1":{"start":{"line":14,"column":2},"end":{"line":24,"column":3}},"2":{"start":{"line":15,"column":2},"end":{"line":24,"column":3}},"3":{"start":{"line":16,"column":26},"end":{"line":16,"column":44}},"4":{"start":{"line":18,"column":4},"end":{"line":20,"column":null}},"5":{"start":{"line":19,"column":6},"end":{"line":19,"column":18}},"6":{"start":{"line":21,"column":4},"end":{"line":23,"column":17}},"7":{"start":{"line":13,"column":13},"end":{"line":13,"column":null}}},"fnMap":{"0":{"name":"(anonymous_0)","decl":{"start":{"line":14,"column":2},"end":{"line":14,"column":3}},"loc":{"start":{"line":15,"column":2},"end":{"line":24,"column":3}}},"1":{"name":"(anonymous_1)","decl":{"start":{"line":15,"column":2},"end":{"line":15,"column":3}},"loc":{"start":{"line":15,"column":54},"end":{"line":24,"column":3}}}},"branchMap":{"0":{"loc":{"start":{"line":18,"column":4},"end":{"line":20,"column":null}},"type":"if","locations":[{"start":{"line":18,"column":4},"end":{"line":20,"column":null}}]},"1":{"loc":{"start":{"line":18,"column":8},"end":{"line":18,"column":60}},"type":"binary-expr","locations":[{"start":{"line":18,"column":8},"end":{"line":18,"column":32}},{"start":{"line":18,"column":36},"end":{"line":18,"column":60}}]},"2":{"loc":{"start":{"line":21,"column":11},"end":{"line":23,"column":16}},"type":"cond-expr","locations":[{"start":{"line":22,"column":8},"end":{"line":22,"column":12}},{"start":{"line":23,"column":8},"end":{"line":23,"column":16}}]},"3":{"loc":{"start":{"line":21,"column":12},"end":{"line":21,"column":65}},"type":"cond-expr","locations":[{"start":{"line":21,"column":40},"end":{"line":21,"column":57}},{"start":{"line":21,"column":60},"end":{"line":21,"column":65}}]}},"s":{"0":13,"1":13,"2":10,"3":10,"4":10,"5":2,"6":8,"7":13},"f":{"0":10,"1":10},"b":{"0":[2],"1":[10,10],"2":[4,4],"3":[4,4]}}
,"/Users/pascalwilbrink/Downloads/web-components-example-lit-mwc-f1efzm/src/lib/validation-rules/required.ts": {"path":"/Users/pascalwilbrink/Downloads/web-components-example-lit-mwc-f1efzm/src/lib/validation-rules/required.ts","statementMap":{"0":{"start":{"line":3,"column":0},"end":{"line":3,"column":35}},"1":{"start":{"line":13,"column":2},"end":{"line":15,"column":42}},"2":{"start":{"line":14,"column":2},"end":{"line":15,"column":42}},"3":{"start":{"line":15,"column":4},"end":{"line":15,"column":42}},"4":{"start":{"line":12,"column":13},"end":{"line":12,"column":null}}},"fnMap":{"0":{"name":"(anonymous_0)","decl":{"start":{"line":13,"column":2},"end":{"line":13,"column":18}},"loc":{"start":{"line":14,"column":2},"end":{"line":15,"column":42}}},"1":{"name":"(anonymous_1)","decl":{"start":{"line":14,"column":2},"end":{"line":14,"column":3}},"loc":{"start":{"line":15,"column":4},"end":{"line":15,"column":42}}}},"branchMap":{"0":{"loc":{"start":{"line":15,"column":4},"end":{"line":15,"column":42}},"type":"cond-expr","locations":[{"start":{"line":15,"column":25},"end":{"line":15,"column":29}},{"start":{"line":15,"column":32},"end":{"line":15,"column":42}}]}},"s":{"0":13,"1":13,"2":5,"3":5,"4":13},"f":{"0":5,"1":5},"b":{"0":[3,2]}}
,"/Users/pascalwilbrink/Downloads/web-components-example-lit-mwc-f1efzm/src/lib/validation-rules/starts-with.ts": {"path":"/Users/pascalwilbrink/Downloads/web-components-example-lit-mwc-f1efzm/src/lib/validation-rules/starts-with.ts","statementMap":{"0":{"start":{"line":3,"column":0},"end":{"line":3,"column":54}},"1":{"start":{"line":14,"column":2},"end":{"line":23,"column":3}},"2":{"start":{"line":15,"column":2},"end":{"line":23,"column":3}},"3":{"start":{"line":16,"column":26},"end":{"line":16,"column":44}},"4":{"start":{"line":18,"column":4},"end":{"line":20,"column":null}},"5":{"start":{"line":19,"column":6},"end":{"line":19,"column":18}},"6":{"start":{"line":22,"column":4},"end":{"line":22,"column":61}},"7":{"start":{"line":13,"column":13},"end":{"line":13,"column":null}}},"fnMap":{"0":{"name":"(anonymous_0)","decl":{"start":{"line":14,"column":2},"end":{"line":14,"column":3}},"loc":{"start":{"line":15,"column":2},"end":{"line":23,"column":3}}},"1":{"name":"(anonymous_1)","decl":{"start":{"line":15,"column":2},"end":{"line":15,"column":3}},"loc":{"start":{"line":15,"column":54},"end":{"line":23,"column":3}}}},"branchMap":{"0":{"loc":{"start":{"line":18,"column":4},"end":{"line":20,"column":null}},"type":"if","locations":[{"start":{"line":18,"column":4},"end":{"line":20,"column":null}}]},"1":{"loc":{"start":{"line":22,"column":11},"end":{"line":22,"column":60}},"type":"cond-expr","locations":[{"start":{"line":22,"column":40},"end":{"line":22,"column":44}},{"start":{"line":22,"column":47},"end":{"line":22,"column":60}}]}},"s":{"0":13,"1":13,"2":6,"3":6,"4":6,"5":2,"6":4,"7":13},"f":{"0":6,"1":6},"b":{"0":[2],"1":[2,2]}}
,"/Users/pascalwilbrink/Downloads/web-components-example-lit-mwc-f1efzm/src/lib/validation-rules/utils.ts": {"path":"/Users/pascalwilbrink/Downloads/web-components-example-lit-mwc-f1efzm/src/lib/validation-rules/utils.ts","statementMap":{"0":{"start":{"line":9,"column":33},"end":{"line":14,"column":1}},"1":{"start":{"line":10,"column":2},"end":{"line":13,"column":4}},"2":{"start":{"line":9,"column":13},"end":{"line":9,"column":33}},"3":{"start":{"line":22,"column":24},"end":{"line":26,"column":1}},"4":{"start":{"line":23,"column":2},"end":{"line":25,"column":26}},"5":{"start":{"line":22,"column":13},"end":{"line":22,"column":24}}},"fnMap":{"0":{"name":"(anonymous_0)","decl":{"start":{"line":9,"column":33},"end":{"line":9,"column":34}},"loc":{"start":{"line":9,"column":57},"end":{"line":14,"column":1}}},"1":{"name":"(anonymous_1)","decl":{"start":{"line":22,"column":24},"end":{"line":22,"column":25}},"loc":{"start":{"line":22,"column":74},"end":{"line":26,"column":1}}}},"branchMap":{"0":{"loc":{"start":{"line":11,"column":4},"end":{"line":12,"column":79}},"type":"binary-expr","locations":[{"start":{"line":11,"column":4},"end":{"line":11,"column":18}},{"start":{"line":12,"column":6},"end":{"line":12,"column":31}},{"start":{"line":12,"column":35},"end":{"line":12,"column":55}},{"start":{"line":12,"column":60},"end":{"line":12,"column":78}}]},"1":{"loc":{"start":{"line":23,"column":9},"end":{"line":25,"column":25}},"type":"cond-expr","locations":[{"start":{"line":24,"column":6},"end":{"line":24,"column":19}},{"start":{"line":25,"column":6},"end":{"line":25,"column":25}}]}},"s":{"0":13,"1":116,"2":13,"3":13,"4":94,"5":13},"f":{"0":116,"1":94},"b":{"0":[116,116,33,91],"1":[50,44]}}
}
