TN:
SF:src/lib/index.ts
FNF:0
FNH:0
DA:1,13
DA:2,13
DA:3,13
DA:4,13
LF:4
LH:4
BRF:0
BRH:0
end_of_record
TN:
SF:src/lib/validate.ts
FN:9,(anonymous_0)
FN:14,(anonymous_1)
FN:15,(anonymous_2)
FN:16,(anonymous_3)
FNF:4
FNH:4
FNDA:3,(anonymous_0)
FNDA:2,(anonymous_1)
FNDA:2,(anonymous_2)
FNDA:1,(anonymous_3)
DA:9,13
DA:13,3
DA:14,2
DA:15,2
DA:16,1
DA:18,3
LF:6
LH:6
BRF:0
BRH:0
end_of_record
TN:
SF:src/lib/validation-rules/contains.ts
FN:14,(anonymous_0)
FN:15,(anonymous_1)
FNF:2
FNH:2
FNDA:6,(anonymous_0)
FNDA:6,(anonymous_1)
DA:3,13
DA:13,13
DA:14,13
DA:15,6
DA:16,6
DA:18,6
DA:19,2
DA:22,4
LF:8
LH:8
BRDA:18,0,0,2
BRDA:22,1,0,2
BRDA:22,1,1,2
BRF:3
BRH:3
end_of_record
TN:
SF:src/lib/validation-rules/email.ts
FN:16,(anonymous_0)
FN:17,(anonymous_1)
FNF:2
FNH:2
FNDA:6,(anonymous_0)
FNDA:6,(anonymous_1)
DA:3,13
DA:6,13
DA:15,13
DA:16,13
DA:17,6
DA:18,6
DA:20,6
DA:21,2
DA:24,4
LF:9
LH:9
BRDA:20,0,0,2
BRDA:24,1,0,2
BRDA:24,1,1,2
BRF:3
BRH:3
end_of_record
TN:
SF:src/lib/validation-rules/ends-with.ts
FN:14,(anonymous_0)
FN:15,(anonymous_1)
FNF:2
FNH:2
FNDA:6,(anonymous_0)
FNDA:6,(anonymous_1)
DA:3,13
DA:13,13
DA:14,13
DA:15,6
DA:16,6
DA:18,6
DA:19,2
DA:22,4
LF:8
LH:8
BRDA:18,0,0,2
BRDA:22,1,0,2
BRDA:22,1,1,2
BRF:3
BRH:3
end_of_record
TN:
SF:src/lib/validation-rules/forbidden.ts
FN:14,(anonymous_0)
FN:15,(anonymous_1)
FNF:2
FNH:2
FNDA:8,(anonymous_0)
FNDA:8,(anonymous_1)
DA:3,13
DA:13,13
DA:14,13
DA:15,8
DA:16,8
DA:18,8
DA:19,4
DA:22,4
LF:8
LH:8
BRDA:18,0,0,4
BRDA:18,1,0,8
BRDA:18,1,1,6
BRDA:22,2,0,2
BRDA:22,2,1,2
BRF:5
BRH:5
end_of_record
TN:
SF:src/lib/validation-rules/index.ts
FNF:0
FNH:0
DA:1,13
DA:2,13
DA:3,13
DA:4,13
DA:5,13
DA:6,13
DA:7,13
DA:8,13
DA:9,13
DA:10,13
DA:11,13
DA:12,13
LF:12
LH:12
BRF:0
BRH:0
end_of_record
TN:
SF:src/lib/validation-rules/match.ts
FN:14,(anonymous_0)
FN:15,(anonymous_1)
FNF:2
FNH:2
FNDA:10,(anonymous_0)
FNDA:10,(anonymous_1)
DA:3,13
DA:13,13
DA:14,13
DA:15,10
DA:16,10
DA:17,10
DA:19,10
DA:20,2
DA:23,8
LF:9
LH:9
BRDA:19,0,0,2
BRDA:23,1,0,4
BRDA:23,1,1,4
BRF:3
BRH:3
end_of_record
TN:
SF:src/lib/validation-rules/max-length.ts
FN:14,(anonymous_0)
FN:15,(anonymous_1)
FNF:2
FNH:2
FNDA:6,(anonymous_0)
FNDA:6,(anonymous_1)
DA:3,13
DA:13,13
DA:14,13
DA:15,6
DA:16,6
DA:17,6
DA:18,2
DA:21,4
LF:8
LH:8
BRDA:17,0,0,2
BRDA:21,1,0,2
BRDA:21,1,1,2
BRF:3
BRH:3
end_of_record
TN:
SF:src/lib/validation-rules/max.ts
FN:14,(anonymous_0)
FN:15,(anonymous_1)
FNF:2
FNH:2
FNDA:7,(anonymous_0)
FNDA:7,(anonymous_1)
DA:3,13
DA:13,13
DA:14,13
DA:15,7
DA:16,7
DA:18,7
DA:19,2
DA:22,5
DA:24,5
LF:9
LH:9
BRDA:18,0,0,2
BRDA:18,1,0,7
BRDA:18,1,1,7
BRDA:24,2,0,2
BRDA:24,2,1,3
BRDA:24,3,0,5
BRDA:24,3,1,4
BRF:7
BRH:7
end_of_record
TN:
SF:src/lib/validation-rules/min-length.ts
FN:14,(anonymous_0)
FN:15,(anonymous_1)
FNF:2
FNH:2
FNDA:7,(anonymous_0)
FNDA:7,(anonymous_1)
DA:3,13
DA:13,13
DA:14,13
DA:15,7
DA:16,7
DA:18,7
DA:19,2
DA:22,5
LF:8
LH:8
BRDA:18,0,0,2
BRDA:18,1,0,7
BRDA:18,1,1,7
BRDA:22,2,0,2
BRDA:22,2,1,3
BRF:5
BRH:5
end_of_record
TN:
SF:src/lib/validation-rules/min.ts
FN:14,(anonymous_0)
FN:15,(anonymous_1)
FNF:2
FNH:2
FNDA:7,(anonymous_0)
FNDA:7,(anonymous_1)
DA:3,13
DA:13,13
DA:14,13
DA:15,7
DA:16,7
DA:18,7
DA:19,2
DA:22,5
DA:24,5
LF:9
LH:9
BRDA:18,0,0,2
BRDA:18,1,0,7
BRDA:18,1,1,7
BRDA:24,2,0,2
BRDA:24,2,1,3
BRDA:24,3,0,5
BRDA:24,3,1,4
BRF:7
BRH:7
end_of_record
TN:
SF:src/lib/validation-rules/regex.ts
FN:14,(anonymous_0)
FN:15,(anonymous_1)
FNF:2
FNH:2
FNDA:10,(anonymous_0)
FNDA:10,(anonymous_1)
DA:3,13
DA:13,13
DA:14,13
DA:15,10
DA:16,10
DA:18,10
DA:19,2
DA:21,8
LF:8
LH:8
BRDA:18,0,0,2
BRDA:18,1,0,10
BRDA:18,1,1,10
BRDA:21,2,0,4
BRDA:21,2,1,4
BRDA:21,3,0,4
BRDA:21,3,1,4
BRF:7
BRH:7
end_of_record
TN:
SF:src/lib/validation-rules/required.ts
FN:13,(anonymous_0)
FN:14,(anonymous_1)
FNF:2
FNH:2
FNDA:5,(anonymous_0)
FNDA:5,(anonymous_1)
DA:3,13
DA:12,13
DA:13,13
DA:14,5
DA:15,5
LF:5
LH:5
BRDA:15,0,0,3
BRDA:15,0,1,2
BRF:2
BRH:2
end_of_record
TN:
SF:src/lib/validation-rules/starts-with.ts
FN:14,(anonymous_0)
FN:15,(anonymous_1)
FNF:2
FNH:2
FNDA:6,(anonymous_0)
FNDA:6,(anonymous_1)
DA:3,13
DA:13,13
DA:14,13
DA:15,6
DA:16,6
DA:18,6
DA:19,2
DA:22,4
LF:8
LH:8
BRDA:18,0,0,2
BRDA:22,1,0,2
BRDA:22,1,1,2
BRF:3
BRH:3
end_of_record
TN:
SF:src/lib/validation-rules/utils.ts
FN:9,(anonymous_0)
FN:22,(anonymous_1)
FNF:2
FNH:2
FNDA:116,(anonymous_0)
FNDA:94,(anonymous_1)
DA:9,13
DA:10,116
DA:22,13
DA:23,94
LF:4
LH:4
BRDA:11,0,0,116
BRDA:11,0,1,116
BRDA:11,0,2,33
BRDA:11,0,3,91
BRDA:23,1,0,50
BRDA:23,1,1,44
BRF:6
BRH:6
end_of_record
